Using pre-set license
Built from '2020.3/release' branch; Version is '2020.3.1f1 (77a89f25062f) revision 7841951'; Using compiler version '192528614'; Build Type 'Release'
OS: 'Windows 10 Pro; OS build 19043.1165; Version 2009; 64bit' Language: 'en' Physical Memory: 8074 MB
BatchMode: 1, IsHumanControllingUs: 0, StartBugReporterOnCrash: 0, Is64bit: 1, IsPro: 0

 COMMAND LINE ARGUMENTS:
C:\Program Files\Unity\Hub\Editor\2020.3.1f1\Editor\Unity.exe
-adb2
-batchMode
-noUpm
-name
AssetImportWorker0
-projectPath
E:/My Projects/3D Games/Crazy Spaceship
-logFile
Logs/AssetImportWorker0.log
-srvPort
62798
Successfully changed project path to: E:/My Projects/3D Games/Crazy Spaceship
E:/My Projects/3D Games/Crazy Spaceship
Using Asset Import Pipeline V2.
Refreshing native plugins compatible for Editor in 26.14 ms, found 0 plugins.
Preloading 0 native plugins for Editor in 0.00 ms.
Initialize engine version: 2020.3.1f1 (77a89f25062f)
[Subsystems] Discovering subsystems at path C:/Program Files/Unity/Hub/Editor/2020.3.1f1/Editor/Data/Resources/UnitySubsystems
[Subsystems] Discovering subsystems at path E:/My Projects/3D Games/Crazy Spaceship/Assets
GfxDevice: creating device client; threaded=0
Direct3D:
    Version:  Direct3D 11.0 [level 11.0]
    Renderer: NVIDIA GeForce 930MX (ID=0x134e)
    Vendor:   
    VRAM:     2010 MB
    Driver:   27.21.14.5167
Initialize mono
Mono path[0] = 'C:/Program Files/Unity/Hub/Editor/2020.3.1f1/Editor/Data/Managed'
Mono path[1] = 'C:/Program Files/Unity/Hub/Editor/2020.3.1f1/Editor/Data/MonoBleedingEdge/lib/mono/unityjit'
Mono config path = 'C:/Program Files/Unity/Hub/Editor/2020.3.1f1/Editor/Data/MonoBleedingEdge/etc'
Using monoOptions --debugger-agent=transport=dt_socket,embedding=1,server=y,suspend=n,address=127.0.0.1:56564
Begin MonoManager ReloadAssembly
Registering precompiled unity dll's ...
Register platform support module: C:/Program Files/Unity/Hub/Editor/2020.3.1f1/Editor/Data/PlaybackEngines/WindowsStandaloneSupport/UnityEditor.WindowsStandalone.Extensions.dll
Registered in 0.002654 seconds.
Native extension for WindowsStandalone target not found
Refreshing native plugins compatible for Editor in 25.41 ms, found 0 plugins.
Preloading 0 native plugins for Editor in 0.00 ms.
Invoked RoslynAnalysisRunner static constructor.
RoslynAnalysisRunner will not be running.
RoslynAnalysisRunner has terminated.
Mono: successfully reloaded assembly
- Completed reload, in  1.287 seconds
Platform modules already initialized, skipping
Registering precompiled user dll's ...
Registered in 0.000637 seconds.
Begin MonoManager ReloadAssembly
Native extension for WindowsStandalone target not found
Refreshing native plugins compatible for Editor in 0.21 ms, found 0 plugins.
Preloading 0 native plugins for Editor in 0.00 ms.
Invoked RoslynAnalysisRunner static constructor.
RoslynAnalysisRunner will not be running.
RoslynAnalysisRunner has terminated.
Mono: successfully reloaded assembly
- Completed reload, in  1.004 seconds
Platform modules already initialized, skipping
========================================================================
Worker process is ready to serve import requests
Launched and connected shader compiler UnityShaderCompiler.exe after 0.10 seconds
Refreshing native plugins compatible for Editor in 0.23 ms, found 0 plugins.
Preloading 0 native plugins for Editor in 0.00 ms.
Unloading 1116 Unused Serialized files (Serialized files now loaded: 0)
System memory in use before: 76.3 MB.
System memory in use after: 76.3 MB.

Unloading 9 unused Assets to reduce memory usage. Loaded Objects now: 1581.
Total: 2.047700 ms (FindLiveObjects: 0.243200 ms CreateObjectMapping: 0.120800 ms MarkObjects: 1.594400 ms  DeleteObjects: 0.088000 ms)

========================================================================
Received Import Request.
  path: Assets/Scripts/Oscillator.cs
  artifactKey: Guid(08fcb2291abb08442821dc77cf4525c9) Importer(815301076,1909f56bfc062723c751e8b465ee728b)
Start importing Assets/Scripts/Oscillator.cs using Guid(08fcb2291abb08442821dc77cf4525c9) Importer(815301076,1909f56bfc062723c751e8b465ee728b)  -> (artifact id: '446e87607bd4ffdde874c0ba9a45f8d5') in 0.369978 seconds
  Import took 1.332660 seconds .

========================================================================
Received Prepare
Registering precompiled user dll's ...
Registered in 0.000830 seconds.
Begin MonoManager ReloadAssembly
Native extension for WindowsStandalone target not found
Refreshing native plugins compatible for Editor in 0.22 ms, found 0 plugins.
Preloading 0 native plugins for Editor in 0.00 ms.
Invoked RoslynAnalysisRunner static constructor.
RoslynAnalysisRunner will not be running.
RoslynAnalysisRunner has terminated.
Mono: successfully reloaded assembly
- Completed reload, in  0.975 seconds
Platform modules already initialized, skipping
Refreshing native plugins compatible for Editor in 0.28 ms, found 0 plugins.
Preloading 0 native plugins for Editor in 0.00 ms.
Unloading 1111 Unused Serialized files (Serialized files now loaded: 0)
System memory in use before: 76.2 MB.
System memory in use after: 76.3 MB.

Unloading 5 unused Assets to reduce memory usage. Loaded Objects now: 1584.
Total: 2.413600 ms (FindLiveObjects: 0.150500 ms CreateObjectMapping: 0.042300 ms MarkObjects: 2.139700 ms  DeleteObjects: 0.079600 ms)

========================================================================
Received Import Request.
  Time since last request: 3819.626700 seconds.
  path: Assets/Darth_Artisan
  artifactKey: Guid(1dda5fe30fd2a42bba9d51692a095c6b) Importer(815301076,1909f56bfc062723c751e8b465ee728b)
Start importing Assets/Darth_Artisan using Guid(1dda5fe30fd2a42bba9d51692a095c6b) Importer(815301076,1909f56bfc062723c751e8b465ee728b)  -> (artifact id: '3201ebbabc59fe4436824869d996f0a9') in 0.004613 seconds
  Import took 0.007078 seconds .

========================================================================
Received Import Request.
  Time since last request: 0.016556 seconds.
  path: Assets/Darth_Artisan
  artifactKey: Guid(1dda5fe30fd2a42bba9d51692a095c6b) Importer(815301076,1909f56bfc062723c751e8b465ee728b)
Start importing Assets/Darth_Artisan using Guid(1dda5fe30fd2a42bba9d51692a095c6b) Importer(815301076,1909f56bfc062723c751e8b465ee728b)  -> (artifact id: '3201ebbabc59fe4436824869d996f0a9') in 0.003858 seconds
  Import took 0.006392 seconds .

========================================================================
Received Import Request.
  Time since last request: 1.052884 seconds.
  path: Assets/Darth_Artisan/Free_Trees
  artifactKey: Guid(b7aee0f11d1aa466daa952466d59cae8) Importer(815301076,1909f56bfc062723c751e8b465ee728b)
Start importing Assets/Darth_Artisan/Free_Trees using Guid(b7aee0f11d1aa466daa952466d59cae8) Importer(815301076,1909f56bfc062723c751e8b465ee728b)  -> (artifact id: '1c500709f0bd3399080f865ba26d9cfb') in 0.001929 seconds
  Import took 0.004197 seconds .

========================================================================
Received Import Request.
  Time since last request: 0.001180 seconds.
  path: Assets/Darth_Artisan/Free_Trees
  artifactKey: Guid(b7aee0f11d1aa466daa952466d59cae8) Importer(815301076,1909f56bfc062723c751e8b465ee728b)
Start importing Assets/Darth_Artisan/Free_Trees using Guid(b7aee0f11d1aa466daa952466d59cae8) Importer(815301076,1909f56bfc062723c751e8b465ee728b)  -> (artifact id: '1c500709f0bd3399080f865ba26d9cfb') in 0.002301 seconds
  Import took 0.004845 seconds .

========================================================================
Received Import Request.
  Time since last request: 1.576849 seconds.
  path: Assets/Darth_Artisan/Free_Trees/Prefabs
  artifactKey: Guid(2365d38fec1724d4199604c670e1f4a6) Importer(815301076,1909f56bfc062723c751e8b465ee728b)
Start importing Assets/Darth_Artisan/Free_Trees/Prefabs using Guid(2365d38fec1724d4199604c670e1f4a6) Importer(815301076,1909f56bfc062723c751e8b465ee728b)  -> (artifact id: '5f276d9b17aa93fd8969a943a6b8a5e3') in 0.024648 seconds
  Import took 0.026695 seconds .

========================================================================
Received Import Request.
  Time since last request: 0.039390 seconds.
  path: Assets/Darth_Artisan/Free_Trees/Prefabs/Fir_Tree.prefab
  artifactKey: Guid(19682540d8a014522a319b1cf788aee2) Importer(815301076,1909f56bfc062723c751e8b465ee728b)
Start importing Assets/Darth_Artisan/Free_Trees/Prefabs/Fir_Tree.prefab using Guid(19682540d8a014522a319b1cf788aee2) Importer(815301076,1909f56bfc062723c751e8b465ee728b)  -> (artifact id: '320a2ff9b5ea16b16e316db85663991a') in 0.350245 seconds
  Import took 0.352400 seconds .

========================================================================
Received Import Request.
  Time since last request: 0.000341 seconds.
  path: Assets/Darth_Artisan/Free_Trees/Prefabs/Poplar_Tree.prefab
  artifactKey: Guid(826b6a0b570e8460990010fa615b5a2a) Importer(815301076,1909f56bfc062723c751e8b465ee728b)
Start importing Assets/Darth_Artisan/Free_Trees/Prefabs/Poplar_Tree.prefab using Guid(826b6a0b570e8460990010fa615b5a2a) Importer(815301076,1909f56bfc062723c751e8b465ee728b)  -> (artifact id: '3479cbe9e141da897edb115d5069c3a0') in 0.012201 seconds
  Import took 0.014174 seconds .

========================================================================
Received Import Request.
  Time since last request: 0.000310 seconds.
  path: Assets/Darth_Artisan/Free_Trees/Prefabs/Oak_Tree.prefab
  artifactKey: Guid(c44bd9bdc114d4a60932c0087d9d1732) Importer(815301076,1909f56bfc062723c751e8b465ee728b)
Start importing Assets/Darth_Artisan/Free_Trees/Prefabs/Oak_Tree.prefab using Guid(c44bd9bdc114d4a60932c0087d9d1732) Importer(815301076,1909f56bfc062723c751e8b465ee728b)  -> (artifact id: 'fc5b23599144feb07715712aa73f999b') in 0.016855 seconds
  Import took 0.020971 seconds .

========================================================================
Received Import Request.
  Time since last request: 0.000633 seconds.
  path: Assets/Darth_Artisan/Free_Trees/Prefabs/Palm_Tree.prefab
  artifactKey: Guid(c6b7fb383a3534b039692b5485b6e739) Importer(815301076,1909f56bfc062723c751e8b465ee728b)
Start importing Assets/Darth_Artisan/Free_Trees/Prefabs/Palm_Tree.prefab using Guid(c6b7fb383a3534b039692b5485b6e739) Importer(815301076,1909f56bfc062723c751e8b465ee728b)  -> (artifact id: 'c81d044bc0693ec7b5a3897c26d5352b') in 0.045978 seconds
  Import took 0.049893 seconds .

========================================================================
Received Import Request.
  Time since last request: 1377.431617 seconds.
  path: Assets/Hand Painted Grass  Texture
  artifactKey: Guid(7a6ce78fc9bd8ff45a24c2f4f370614e) Importer(815301076,1909f56bfc062723c751e8b465ee728b)
Start importing Assets/Hand Painted Grass  Texture using Guid(7a6ce78fc9bd8ff45a24c2f4f370614e) Importer(815301076,1909f56bfc062723c751e8b465ee728b)  -> (artifact id: 'c0d9bdb0e0c8fbf9ac866b80365e597d') in 0.002815 seconds
  Import took 0.005512 seconds .

========================================================================
Received Import Request.
  Time since last request: 0.005751 seconds.
  path: Assets/Hand Painted Grass  Texture
  artifactKey: Guid(7a6ce78fc9bd8ff45a24c2f4f370614e) Importer(815301076,1909f56bfc062723c751e8b465ee728b)
Start importing Assets/Hand Painted Grass  Texture using Guid(7a6ce78fc9bd8ff45a24c2f4f370614e) Importer(815301076,1909f56bfc062723c751e8b465ee728b)  -> (artifact id: 'c0d9bdb0e0c8fbf9ac866b80365e597d') in 0.002085 seconds
  Import took 0.005695 seconds .

========================================================================
Received Import Request.
  Time since last request: 2.147657 seconds.
  path: Assets/Hand Painted Grass  Texture/Scene
  artifactKey: Guid(dc27bf153b0893147b194b8520719569) Importer(815301076,1909f56bfc062723c751e8b465ee728b)
Start importing Assets/Hand Painted Grass  Texture/Scene using Guid(dc27bf153b0893147b194b8520719569) Importer(815301076,1909f56bfc062723c751e8b465ee728b)  -> (artifact id: 'a1441e12d1283595a3c77b96fe32b0f7') in 0.002280 seconds
  Import took 0.004512 seconds .

========================================================================
Received Import Request.
  Time since last request: 0.000681 seconds.
  path: Assets/Hand Painted Grass  Texture/Scene
  artifactKey: Guid(dc27bf153b0893147b194b8520719569) Importer(815301076,1909f56bfc062723c751e8b465ee728b)
Start importing Assets/Hand Painted Grass  Texture/Scene using Guid(dc27bf153b0893147b194b8520719569) Importer(815301076,1909f56bfc062723c751e8b465ee728b)  -> (artifact id: 'a1441e12d1283595a3c77b96fe32b0f7') in 0.003544 seconds
  Import took 0.007519 seconds .

========================================================================
Received Import Request.
  Time since last request: 2.333123 seconds.
  path: Assets/Hand Painted Grass  Texture/Scene/Hand Painted Grass Texture.unity
  artifactKey: Guid(53239f9da96bf714cadbf60c4be4519e) Importer(815301076,1909f56bfc062723c751e8b465ee728b)
Start importing Assets/Hand Painted Grass  Texture/Scene/Hand Painted Grass Texture.unity using Guid(53239f9da96bf714cadbf60c4be4519e) Importer(815301076,1909f56bfc062723c751e8b465ee728b)  -> (artifact id: 'b98108b153b6c092f70a3b6d0e74c679') in 0.097474 seconds
  Import took 0.099815 seconds .

========================================================================
Received Import Request.
  Time since last request: 44.397460 seconds.
  path: Assets/Hand Painted Grass  Texture/Texture
  artifactKey: Guid(d56f723426700264a98da6a6c231c70f) Importer(815301076,1909f56bfc062723c751e8b465ee728b)
Start importing Assets/Hand Painted Grass  Texture/Texture using Guid(d56f723426700264a98da6a6c231c70f) Importer(815301076,1909f56bfc062723c751e8b465ee728b)  -> (artifact id: '1f18299e2d182a9fe240d4af583a1f2d') in 0.003830 seconds
  Import took 0.008512 seconds .

========================================================================
Received Import Request.
  Time since last request: 0.092187 seconds.
  path: Assets/Hand Painted Grass  Texture/Texture/Grass_Ambient_Occlusion.png
  artifactKey: Guid(71468deba7cb7f64082a57412b0cca8f) Importer(815301076,1909f56bfc062723c751e8b465ee728b)
Start importing Assets/Hand Painted Grass  Texture/Texture/Grass_Ambient_Occlusion.png using Guid(71468deba7cb7f64082a57412b0cca8f) Importer(815301076,1909f56bfc062723c751e8b465ee728b)  -> (artifact id: '07efa8e2b7ca6fe5c2c733754308ef27') in 1.551778 seconds
  Import took 1.553936 seconds .

========================================================================
Received Import Request.
  Time since last request: 0.000306 seconds.
  path: Assets/Hand Painted Grass  Texture/Texture/Grass_Normal.png
  artifactKey: Guid(abdf0ea32c5d9a9459d3e4ead7c70937) Importer(815301076,1909f56bfc062723c751e8b465ee728b)
Start importing Assets/Hand Painted Grass  Texture/Texture/Grass_Normal.png using Guid(abdf0ea32c5d9a9459d3e4ead7c70937) Importer(815301076,1909f56bfc062723c751e8b465ee728b)  -> (artifact id: '351a1e390b6bd3aff804ea0364a8cab7') in 0.061455 seconds
  Import took 0.063777 seconds .

========================================================================
Received Import Request.
  Time since last request: 0.000323 seconds.
  path: Assets/Hand Painted Grass  Texture/Texture/Grass_Height.png
  artifactKey: Guid(f03ded94d66460b459357d6b9ef021a2) Importer(815301076,1909f56bfc062723c751e8b465ee728b)
Start importing Assets/Hand Painted Grass  Texture/Texture/Grass_Height.png using Guid(f03ded94d66460b459357d6b9ef021a2) Importer(815301076,1909f56bfc062723c751e8b465ee728b)  -> (artifact id: 'e130872887c824b5672c47ea77ab83fc') in 0.010248 seconds
  Import took 0.012265 seconds .

========================================================================
Received Import Request.
  Time since last request: 0.000314 seconds.
  path: Assets/Hand Painted Grass  Texture/Texture/Grass_Base_Color.png
  artifactKey: Guid(3e56fccbd43645846b91452f3498941d) Importer(815301076,1909f56bfc062723c751e8b465ee728b)
Start importing Assets/Hand Painted Grass  Texture/Texture/Grass_Base_Color.png using Guid(3e56fccbd43645846b91452f3498941d) Importer(815301076,1909f56bfc062723c751e8b465ee728b)  -> (artifact id: '37b59fa207365d36916f1f9b44789a84') in 0.009598 seconds
  Import took 0.011976 seconds .

========================================================================
Received Import Request.
  Time since last request: 0.000347 seconds.
  path: Assets/Hand Painted Grass  Texture/Texture/Grass_Roughness.png
  artifactKey: Guid(5347fc6026112854da8e63940ca13972) Importer(815301076,1909f56bfc062723c751e8b465ee728b)
Start importing Assets/Hand Painted Grass  Texture/Texture/Grass_Roughness.png using Guid(5347fc6026112854da8e63940ca13972) Importer(815301076,1909f56bfc062723c751e8b465ee728b)  -> (artifact id: 'c5a07a9f77a469836bb97005febaf246') in 0.053822 seconds
  Import took 0.056049 seconds .

========================================================================
Received Import Request.
  Time since last request: 0.000417 seconds.
  path: Assets/Hand Painted Grass  Texture/Texture/Grass_Ambient_Occlusion.png
  artifactKey: Guid(71468deba7cb7f64082a57412b0cca8f) Importer(815301076,1909f56bfc062723c751e8b465ee728b)
Start importing Assets/Hand Painted Grass  Texture/Texture/Grass_Ambient_Occlusion.png using Guid(71468deba7cb7f64082a57412b0cca8f) Importer(815301076,1909f56bfc062723c751e8b465ee728b)  -> (artifact id: '07efa8e2b7ca6fe5c2c733754308ef27') in 0.011881 seconds
  Import took 0.013988 seconds .

========================================================================
Received Import Request.
  Time since last request: 10.271014 seconds.
  path: Assets/Prefabs/Spaceship.prefab
  artifactKey: Guid(91bd350c53c38c8408d6efb743ffa9f0) Importer(815301076,1909f56bfc062723c751e8b465ee728b)
Start importing Assets/Prefabs/Spaceship.prefab using Guid(91bd350c53c38c8408d6efb743ffa9f0) Importer(815301076,1909f56bfc062723c751e8b465ee728b)  -> (artifact id: '502b84ad393b53e27764b633e14266d7') in 0.221999 seconds
  Import took 0.228974 seconds .

========================================================================
Received Import Request.
  Time since last request: 16.666082 seconds.
  path: Assets/Prefabs/grass.prefab
  artifactKey: Guid(da258bfe8c2bdc846abc5f58e81221de) Importer(815301076,1909f56bfc062723c751e8b465ee728b)
Start importing Assets/Prefabs/grass.prefab using Guid(da258bfe8c2bdc846abc5f58e81221de) Importer(815301076,1909f56bfc062723c751e8b465ee728b)  -> (artifact id: 'c7eafbb729c6487323b9a41452673fde') in 0.053296 seconds
  Import took 0.056453 seconds .

========================================================================
Received Import Request.
  Time since last request: 21.884412 seconds.
  path: Assets/Scenes/Level 1.unity
  artifactKey: Guid(30a7394def5c5a34991b270ec115123a) Importer(815301076,1909f56bfc062723c751e8b465ee728b)
Start importing Assets/Scenes/Level 1.unity using Guid(30a7394def5c5a34991b270ec115123a) Importer(815301076,1909f56bfc062723c751e8b465ee728b)  -> (artifact id: 'a9be67eb137a4294af29425ddf904f58') in 0.003381 seconds
  Import took 0.006087 seconds .

========================================================================
Received Import Request.
  Time since last request: 0.000786 seconds.
  path: Assets/Scenes/Level 1.unity
  artifactKey: Guid(30a7394def5c5a34991b270ec115123a) Importer(815301076,1909f56bfc062723c751e8b465ee728b)
Start importing Assets/Scenes/Level 1.unity using Guid(30a7394def5c5a34991b270ec115123a) Importer(815301076,1909f56bfc062723c751e8b465ee728b)  -> (artifact id: 'a9be67eb137a4294af29425ddf904f58') in 0.002655 seconds
  Import took 0.006873 seconds .

========================================================================
Received Prepare
Registering precompiled user dll's ...
Registered in 0.000624 seconds.
Begin MonoManager ReloadAssembly
Native extension for WindowsStandalone target not found
Refreshing native plugins compatible for Editor in 0.21 ms, found 0 plugins.
Preloading 0 native plugins for Editor in 0.00 ms.
Invoked RoslynAnalysisRunner static constructor.
RoslynAnalysisRunner will not be running.
RoslynAnalysisRunner has terminated.
Mono: successfully reloaded assembly
- Completed reload, in  0.864 seconds
Platform modules already initialized, skipping
Refreshing native plugins compatible for Editor in 0.26 ms, found 0 plugins.
Preloading 0 native plugins for Editor in 0.00 ms.
Unloading 1111 Unused Serialized files (Serialized files now loaded: 0)
System memory in use before: 79.9 MB.
System memory in use after: 79.9 MB.

Unloading 5 unused Assets to reduce memory usage. Loaded Objects now: 1602.
Total: 2.392900 ms (FindLiveObjects: 0.159900 ms CreateObjectMapping: 0.048200 ms MarkObjects: 2.102100 ms  DeleteObjects: 0.081700 ms)

========================================================================
Received Import Request.
  Time since last request: 810.413056 seconds.
  path: Assets/Barrels_free
  artifactKey: Guid(dc205e965a73be649a585bb6fcd91bf2) Importer(815301076,1909f56bfc062723c751e8b465ee728b)
Start importing Assets/Barrels_free using Guid(dc205e965a73be649a585bb6fcd91bf2) Importer(815301076,1909f56bfc062723c751e8b465ee728b)  -> (artifact id: '81e9c0e3dab0e77415a2ffd20346ac81') in 0.007848 seconds
  Import took 0.010599 seconds .

========================================================================
Received Import Request.
  Time since last request: 22.414176 seconds.
  path: Assets/Imported Packs
  artifactKey: Guid(f4185cc746b432440baba2006294628e) Importer(815301076,1909f56bfc062723c751e8b465ee728b)
Start importing Assets/Imported Packs using Guid(f4185cc746b432440baba2006294628e) Importer(815301076,1909f56bfc062723c751e8b465ee728b)  -> (artifact id: '9bd4257b6894a151bee74dbfec993454') in 0.003523 seconds
  Import took 0.006011 seconds .

========================================================================
Received Import Request.
  Time since last request: 0.001308 seconds.
  path: Assets/Imported Packs
  artifactKey: Guid(f4185cc746b432440baba2006294628e) Importer(815301076,1909f56bfc062723c751e8b465ee728b)
Start importing Assets/Imported Packs using Guid(f4185cc746b432440baba2006294628e) Importer(815301076,1909f56bfc062723c751e8b465ee728b)  -> (artifact id: '9bd4257b6894a151bee74dbfec993454') in 0.002738 seconds
  Import took 0.006472 seconds .

========================================================================
Received Import Request.
  Time since last request: 9.343513 seconds.
  path: Assets/Imported Packs/Barrels_free/Material
  artifactKey: Guid(aa07bdcbcc8f94358962021031e81163) Importer(815301076,1909f56bfc062723c751e8b465ee728b)
Start importing Assets/Imported Packs/Barrels_free/Material using Guid(aa07bdcbcc8f94358962021031e81163) Importer(815301076,1909f56bfc062723c751e8b465ee728b)  -> (artifact id: '4457043dc4fe972d01343fc3d6b1da52') in 0.002918 seconds
  Import took 0.006488 seconds .

========================================================================
Received Import Request.
  Time since last request: 0.001190 seconds.
  path: Assets/Imported Packs/Barrels_free/Material
  artifactKey: Guid(aa07bdcbcc8f94358962021031e81163) Importer(815301076,1909f56bfc062723c751e8b465ee728b)
Start importing Assets/Imported Packs/Barrels_free/Material using Guid(aa07bdcbcc8f94358962021031e81163) Importer(815301076,1909f56bfc062723c751e8b465ee728b)  -> (artifact id: '4457043dc4fe972d01343fc3d6b1da52') in 0.002020 seconds
  Import took 0.004692 seconds .

========================================================================
Received Import Request.
  Time since last request: 1.098939 seconds.
  path: Assets/Imported Packs/Barrels_free/Prefabs
  artifactKey: Guid(a3ff9a1d51b1e4c7fa9696e08da55e2b) Importer(815301076,1909f56bfc062723c751e8b465ee728b)
Start importing Assets/Imported Packs/Barrels_free/Prefabs using Guid(a3ff9a1d51b1e4c7fa9696e08da55e2b) Importer(815301076,1909f56bfc062723c751e8b465ee728b)  -> (artifact id: '6d2335fb863412a4d1965bbb89cca11f') in 0.001762 seconds
  Import took 0.004935 seconds .

========================================================================
Received Import Request.
  Time since last request: 0.001482 seconds.
  path: Assets/Imported Packs/Barrels_free/Prefabs
  artifactKey: Guid(a3ff9a1d51b1e4c7fa9696e08da55e2b) Importer(815301076,1909f56bfc062723c751e8b465ee728b)
Start importing Assets/Imported Packs/Barrels_free/Prefabs using Guid(a3ff9a1d51b1e4c7fa9696e08da55e2b) Importer(815301076,1909f56bfc062723c751e8b465ee728b)  -> (artifact id: '6d2335fb863412a4d1965bbb89cca11f') in 0.002039 seconds
  Import took 0.005461 seconds .

========================================================================
Received Import Request.
  Time since last request: 0.054431 seconds.
  path: Assets/Imported Packs/Barrels_free/Prefabs/Barrel_6_free.prefab
  artifactKey: Guid(cc86398e1b6084289bb879da46b36801) Importer(815301076,1909f56bfc062723c751e8b465ee728b)
Start importing Assets/Imported Packs/Barrels_free/Prefabs/Barrel_6_free.prefab using Guid(cc86398e1b6084289bb879da46b36801) Importer(815301076,1909f56bfc062723c751e8b465ee728b)  -> (artifact id: 'f079e10b76c269de9f07ebf72c6ba153') in 0.424876 seconds
  Import took 0.427563 seconds .

========================================================================
Received Prepare
Registering precompiled user dll's ...
Registered in 0.001939 seconds.
Begin MonoManager ReloadAssembly
Native extension for WindowsStandalone target not found
Refreshing native plugins compatible for Editor in 0.24 ms, found 0 plugins.
Preloading 0 native plugins for Editor in 0.00 ms.
Invoked RoslynAnalysisRunner static constructor.
RoslynAnalysisRunner will not be running.
RoslynAnalysisRunner has terminated.
Mono: successfully reloaded assembly
- Completed reload, in  2.570 seconds
Platform modules already initialized, skipping
Refreshing native plugins compatible for Editor in 0.33 ms, found 0 plugins.
Preloading 0 native plugins for Editor in 0.00 ms.
Unloading 1111 Unused Serialized files (Serialized files now loaded: 0)
System memory in use before: 79.9 MB.
System memory in use after: 80.0 MB.

Unloading 5 unused Assets to reduce memory usage. Loaded Objects now: 1606.
Total: 2.238300 ms (FindLiveObjects: 0.158700 ms CreateObjectMapping: 0.040500 ms MarkObjects: 1.939800 ms  DeleteObjects: 0.097900 ms)

========================================================================
Received Prepare
Registering precompiled user dll's ...
Registered in 0.000673 seconds.
Begin MonoManager ReloadAssembly
Native extension for WindowsStandalone target not found
Refreshing native plugins compatible for Editor in 0.21 ms, found 0 plugins.
Preloading 0 native plugins for Editor in 0.00 ms.
Invoked RoslynAnalysisRunner static constructor.
RoslynAnalysisRunner will not be running.
RoslynAnalysisRunner has terminated.
Mono: successfully reloaded assembly
- Completed reload, in  0.888 seconds
Platform modules already initialized, skipping
Refreshing native plugins compatible for Editor in 0.26 ms, found 0 plugins.
Preloading 0 native plugins for Editor in 0.00 ms.
Unloading 1111 Unused Serialized files (Serialized files now loaded: 0)
System memory in use before: 79.9 MB.
System memory in use after: 80.0 MB.

Unloading 5 unused Assets to reduce memory usage. Loaded Objects now: 1609.
Total: 2.343400 ms (FindLiveObjects: 0.176400 ms CreateObjectMapping: 0.038400 ms MarkObjects: 2.029500 ms  DeleteObjects: 0.097600 ms)

========================================================================
Received Prepare
Registering precompiled user dll's ...
Registered in 0.001028 seconds.
Begin MonoManager ReloadAssembly
Native extension for WindowsStandalone target not found
Refreshing native plugins compatible for Editor in 0.21 ms, found 0 plugins.
Preloading 0 native plugins for Editor in 0.00 ms.
Invoked RoslynAnalysisRunner static constructor.
RoslynAnalysisRunner will not be running.
RoslynAnalysisRunner has terminated.
Mono: successfully reloaded assembly
- Completed reload, in  0.981 seconds
Platform modules already initialized, skipping
Refreshing native plugins compatible for Editor in 0.25 ms, found 0 plugins.
Preloading 0 native plugins for Editor in 0.00 ms.
Unloading 1111 Unused Serialized files (Serialized files now loaded: 0)
System memory in use before: 79.9 MB.
System memory in use after: 80.0 MB.

Unloading 5 unused Assets to reduce memory usage. Loaded Objects now: 1612.
Total: 2.304800 ms (FindLiveObjects: 0.196000 ms CreateObjectMapping: 0.040600 ms MarkObjects: 1.986600 ms  DeleteObjects: 0.080500 ms)

========================================================================
Received Import Request.
  Time since last request: 3976.621801 seconds.
  path: Assets/Scripts/Spinner.cs
  artifactKey: Guid(78eaa972d1a54b94f8238962b56f5c1e) Importer(815301076,1909f56bfc062723c751e8b465ee728b)
Start importing Assets/Scripts/Spinner.cs using Guid(78eaa972d1a54b94f8238962b56f5c1e) Importer(815301076,1909f56bfc062723c751e8b465ee728b)  -> (artifact id: 'a17b39f146b57f20853f3d28f1fbab39') in 0.004239 seconds
  Import took 0.008046 seconds .

========================================================================
Received Prepare
Registering precompiled user dll's ...
Registered in 0.000631 seconds.
Begin MonoManager ReloadAssembly
Native extension for WindowsStandalone target not found
Refreshing native plugins compatible for Editor in 0.24 ms, found 0 plugins.
Preloading 0 native plugins for Editor in 0.00 ms.
Invoked RoslynAnalysisRunner static constructor.
RoslynAnalysisRunner will not be running.
RoslynAnalysisRunner has terminated.
Mono: successfully reloaded assembly
- Completed reload, in  1.027 seconds
Platform modules already initialized, skipping
Refreshing native plugins compatible for Editor in 0.25 ms, found 0 plugins.
Preloading 0 native plugins for Editor in 0.00 ms.
Unloading 1112 Unused Serialized files (Serialized files now loaded: 0)
System memory in use before: 80.0 MB.
System memory in use after: 80.0 MB.

Unloading 5 unused Assets to reduce memory usage. Loaded Objects now: 1616.
Total: 2.318600 ms (FindLiveObjects: 0.164100 ms CreateObjectMapping: 0.043200 ms MarkObjects: 2.032400 ms  DeleteObjects: 0.077300 ms)

========================================================================
Received Prepare
Registering precompiled user dll's ...
Registered in 0.000931 seconds.
Begin MonoManager ReloadAssembly
Native extension for WindowsStandalone target not found
Refreshing native plugins compatible for Editor in 0.23 ms, found 0 plugins.
Preloading 0 native plugins for Editor in 0.00 ms.
Invoked RoslynAnalysisRunner static constructor.
RoslynAnalysisRunner will not be running.
RoslynAnalysisRunner has terminated.
Mono: successfully reloaded assembly
- Completed reload, in  0.971 seconds
Platform modules already initialized, skipping
Refreshing native plugins compatible for Editor in 0.29 ms, found 0 plugins.
Preloading 0 native plugins for Editor in 0.00 ms.
Unloading 1112 Unused Serialized files (Serialized files now loaded: 0)
System memory in use before: 80.0 MB.
System memory in use after: 80.0 MB.

Unloading 5 unused Assets to reduce memory usage. Loaded Objects now: 1619.
Total: 1.961000 ms (FindLiveObjects: 0.140800 ms CreateObjectMapping: 0.038400 ms MarkObjects: 1.707400 ms  DeleteObjects: 0.073200 ms)

========================================================================
Received Prepare
Registering precompiled user dll's ...
Registered in 0.000628 seconds.
Begin MonoManager ReloadAssembly
Native extension for WindowsStandalone target not found
Refreshing native plugins compatible for Editor in 0.31 ms, found 0 plugins.
Preloading 0 native plugins for Editor in 0.00 ms.
Invoked RoslynAnalysisRunner static constructor.
RoslynAnalysisRunner will not be running.
RoslynAnalysisRunner has terminated.
Mono: successfully reloaded assembly
- Completed reload, in  0.865 seconds
Platform modules already initialized, skipping
Refreshing native plugins compatible for Editor in 0.22 ms, found 0 plugins.
Preloading 0 native plugins for Editor in 0.00 ms.
Unloading 1112 Unused Serialized files (Serialized files now loaded: 0)
System memory in use before: 80.0 MB.
System memory in use after: 80.0 MB.

Unloading 5 unused Assets to reduce memory usage. Loaded Objects now: 1622.
Total: 2.004000 ms (FindLiveObjects: 0.168100 ms CreateObjectMapping: 0.040000 ms MarkObjects: 1.721100 ms  DeleteObjects: 0.073700 ms)

========================================================================
Received Prepare
Registering precompiled user dll's ...
Registered in 0.001377 seconds.
Begin MonoManager ReloadAssembly
Native extension for WindowsStandalone target not found
Refreshing native plugins compatible for Editor in 0.22 ms, found 0 plugins.
Preloading 0 native plugins for Editor in 0.00 ms.
Invoked RoslynAnalysisRunner static constructor.
RoslynAnalysisRunner will not be running.
RoslynAnalysisRunner has terminated.
Mono: successfully reloaded assembly
- Completed reload, in  0.885 seconds
Platform modules already initialized, skipping
Refreshing native plugins compatible for Editor in 0.30 ms, found 0 plugins.
Preloading 0 native plugins for Editor in 0.00 ms.
Unloading 1112 Unused Serialized files (Serialized files now loaded: 0)
System memory in use before: 80.0 MB.
System memory in use after: 80.0 MB.

Unloading 5 unused Assets to reduce memory usage. Loaded Objects now: 1625.
Total: 2.598100 ms (FindLiveObjects: 0.209800 ms CreateObjectMapping: 0.059000 ms MarkObjects: 2.254100 ms  DeleteObjects: 0.073900 ms)

========================================================================
Received Prepare
Registering precompiled user dll's ...
Registered in 0.000942 seconds.
Begin MonoManager ReloadAssembly
Native extension for WindowsStandalone target not found
Refreshing native plugins compatible for Editor in 0.21 ms, found 0 plugins.
Preloading 0 native plugins for Editor in 0.00 ms.
Invoked RoslynAnalysisRunner static constructor.
RoslynAnalysisRunner will not be running.
RoslynAnalysisRunner has terminated.
Mono: successfully reloaded assembly
- Completed reload, in  0.899 seconds
Platform modules already initialized, skipping
Refreshing native plugins compatible for Editor in 0.25 ms, found 0 plugins.
Preloading 0 native plugins for Editor in 0.00 ms.
Unloading 1112 Unused Serialized files (Serialized files now loaded: 0)
System memory in use before: 80.0 MB.
System memory in use after: 80.1 MB.

Unloading 5 unused Assets to reduce memory usage. Loaded Objects now: 1628.
Total: 2.277000 ms (FindLiveObjects: 0.306500 ms CreateObjectMapping: 0.068300 ms MarkObjects: 1.818800 ms  DeleteObjects: 0.081600 ms)

========================================================================
Received Prepare
Registering precompiled user dll's ...
Registered in 0.000605 seconds.
Begin MonoManager ReloadAssembly
Native extension for WindowsStandalone target not found
Refreshing native plugins compatible for Editor in 0.21 ms, found 0 plugins.
Preloading 0 native plugins for Editor in 0.00 ms.
Invoked RoslynAnalysisRunner static constructor.
RoslynAnalysisRunner will not be running.
RoslynAnalysisRunner has terminated.
Mono: successfully reloaded assembly
- Completed reload, in  0.876 seconds
Platform modules already initialized, skipping
Refreshing native plugins compatible for Editor in 0.27 ms, found 0 plugins.
Preloading 0 native plugins for Editor in 0.00 ms.
Unloading 1112 Unused Serialized files (Serialized files now loaded: 0)
System memory in use before: 80.0 MB.
System memory in use after: 80.1 MB.

Unloading 5 unused Assets to reduce memory usage. Loaded Objects now: 1631.
Total: 3.837500 ms (FindLiveObjects: 0.288300 ms CreateObjectMapping: 0.062800 ms MarkObjects: 3.403200 ms  DeleteObjects: 0.081400 ms)

========================================================================
Received Prepare
Registering precompiled user dll's ...
Registered in 0.000981 seconds.
Begin MonoManager ReloadAssembly
Native extension for WindowsStandalone target not found
Refreshing native plugins compatible for Editor in 0.22 ms, found 0 plugins.
Preloading 0 native plugins for Editor in 0.00 ms.
Invoked RoslynAnalysisRunner static constructor.
RoslynAnalysisRunner will not be running.
RoslynAnalysisRunner has terminated.
Mono: successfully reloaded assembly
- Completed reload, in  0.904 seconds
Platform modules already initialized, skipping
Refreshing native plugins compatible for Editor in 0.23 ms, found 0 plugins.
Preloading 0 native plugins for Editor in 0.00 ms.
Unloading 1112 Unused Serialized files (Serialized files now loaded: 0)
System memory in use before: 80.0 MB.
System memory in use after: 80.1 MB.

Unloading 5 unused Assets to reduce memory usage. Loaded Objects now: 1634.
Total: 2.089400 ms (FindLiveObjects: 0.303300 ms CreateObjectMapping: 0.053900 ms MarkObjects: 1.654000 ms  DeleteObjects: 0.075500 ms)

========================================================================
Received Prepare
Registering precompiled user dll's ...
Registered in 0.000932 seconds.
Begin MonoManager ReloadAssembly
Native extension for WindowsStandalone target not found
Refreshing native plugins compatible for Editor in 0.24 ms, found 0 plugins.
Preloading 0 native plugins for Editor in 0.00 ms.
Invoked RoslynAnalysisRunner static constructor.
RoslynAnalysisRunner will not be running.
RoslynAnalysisRunner has terminated.
Mono: successfully reloaded assembly
- Completed reload, in  0.935 seconds
Platform modules already initialized, skipping
Refreshing native plugins compatible for Editor in 0.30 ms, found 0 plugins.
Preloading 0 native plugins for Editor in 0.00 ms.
Unloading 1112 Unused Serialized files (Serialized files now loaded: 0)
System memory in use before: 80.0 MB.
System memory in use after: 80.1 MB.

Unloading 5 unused Assets to reduce memory usage. Loaded Objects now: 1637.
Total: 3.652700 ms (FindLiveObjects: 0.534000 ms CreateObjectMapping: 0.239900 ms MarkObjects: 2.774100 ms  DeleteObjects: 0.100100 ms)

========================================================================
Received Prepare
Registering precompiled user dll's ...
Registered in 0.000985 seconds.
Begin MonoManager ReloadAssembly
Native extension for WindowsStandalone target not found
Refreshing native plugins compatible for Editor in 0.24 ms, found 0 plugins.
Preloading 0 native plugins for Editor in 0.00 ms.
Invoked RoslynAnalysisRunner static constructor.
RoslynAnalysisRunner will not be running.
RoslynAnalysisRunner has terminated.
Mono: successfully reloaded assembly
- Completed reload, in  0.932 seconds
Platform modules already initialized, skipping
Refreshing native plugins compatible for Editor in 0.23 ms, found 0 plugins.
Preloading 0 native plugins for Editor in 0.00 ms.
Unloading 1112 Unused Serialized files (Serialized files now loaded: 0)
System memory in use before: 80.0 MB.
System memory in use after: 80.1 MB.

Unloading 5 unused Assets to reduce memory usage. Loaded Objects now: 1640.
Total: 2.474600 ms (FindLiveObjects: 0.157400 ms CreateObjectMapping: 0.051200 ms MarkObjects: 2.157500 ms  DeleteObjects: 0.106100 ms)

========================================================================
Received Prepare
Registering precompiled user dll's ...
Registered in 0.000882 seconds.
Begin MonoManager ReloadAssembly
Native extension for WindowsStandalone target not found
Refreshing native plugins compatible for Editor in 0.24 ms, found 0 plugins.
Preloading 0 native plugins for Editor in 0.00 ms.
Invoked RoslynAnalysisRunner static constructor.
RoslynAnalysisRunner will not be running.
RoslynAnalysisRunner has terminated.
Mono: successfully reloaded assembly
- Completed reload, in  0.960 seconds
Platform modules already initialized, skipping
Refreshing native plugins compatible for Editor in 0.22 ms, found 0 plugins.
Preloading 0 native plugins for Editor in 0.00 ms.
Unloading 1112 Unused Serialized files (Serialized files now loaded: 0)
System memory in use before: 80.0 MB.
System memory in use after: 80.1 MB.

Unloading 5 unused Assets to reduce memory usage. Loaded Objects now: 1643.
Total: 2.181800 ms (FindLiveObjects: 0.160300 ms CreateObjectMapping: 0.042400 ms MarkObjects: 1.900400 ms  DeleteObjects: 0.077700 ms)

========================================================================
Received Prepare
Registering precompiled user dll's ...
Registered in 0.000708 seconds.
Begin MonoManager ReloadAssembly
Native extension for WindowsStandalone target not found
Refreshing native plugins compatible for Editor in 0.25 ms, found 0 plugins.
Preloading 0 native plugins for Editor in 0.00 ms.
Invoked RoslynAnalysisRunner static constructor.
RoslynAnalysisRunner will not be running.
RoslynAnalysisRunner has terminated.
Mono: successfully reloaded assembly
- Completed reload, in  0.895 seconds
Platform modules already initialized, skipping
Refreshing native plugins compatible for Editor in 0.23 ms, found 0 plugins.
Preloading 0 native plugins for Editor in 0.00 ms.
Unloading 1112 Unused Serialized files (Serialized files now loaded: 0)
System memory in use before: 80.0 MB.
System memory in use after: 80.1 MB.

Unloading 5 unused Assets to reduce memory usage. Loaded Objects now: 1646.
Total: 2.372600 ms (FindLiveObjects: 0.221900 ms CreateObjectMapping: 0.039800 ms MarkObjects: 2.005100 ms  DeleteObjects: 0.103300 ms)

========================================================================
Received Import Request.
  Time since last request: 1035.447190 seconds.
  path: Assets/Scenes/Level 1.unity
  artifactKey: Guid(30a7394def5c5a34991b270ec115123a) Importer(815301076,1909f56bfc062723c751e8b465ee728b)
Start importing Assets/Scenes/Level 1.unity using Guid(30a7394def5c5a34991b270ec115123a) Importer(815301076,1909f56bfc062723c751e8b465ee728b)  -> (artifact id: '4a35a431f1356b650c5e1d9ad1eef27f') in 0.015554 seconds
  Import took 0.018322 seconds .

========================================================================
Received Prepare
Registering precompiled user dll's ...
Registered in 0.000716 seconds.
Begin MonoManager ReloadAssembly
Native extension for WindowsStandalone target not found
Refreshing native plugins compatible for Editor in 0.21 ms, found 0 plugins.
Preloading 0 native plugins for Editor in 0.00 ms.
Invoked RoslynAnalysisRunner static constructor.
RoslynAnalysisRunner will not be running.
RoslynAnalysisRunner has terminated.
Mono: successfully reloaded assembly
- Completed reload, in  0.860 seconds
Platform modules already initialized, skipping
Refreshing native plugins compatible for Editor in 0.25 ms, found 0 plugins.
Preloading 0 native plugins for Editor in 0.00 ms.
Unloading 1112 Unused Serialized files (Serialized files now loaded: 0)
System memory in use before: 80.0 MB.
System memory in use after: 80.1 MB.

Unloading 5 unused Assets to reduce memory usage. Loaded Objects now: 1649.
Total: 2.165900 ms (FindLiveObjects: 0.164600 ms CreateObjectMapping: 0.039200 ms MarkObjects: 1.887100 ms  DeleteObjects: 0.073400 ms)

========================================================================
Received Import Request.
  Time since last request: 6.719872 seconds.
  path: Assets/Scenes/Level 3.unity
  artifactKey: Guid(3f8d8323fa728ce4bae8d2660a7a6ca3) Importer(815301076,1909f56bfc062723c751e8b465ee728b)
Start importing Assets/Scenes/Level 3.unity using Guid(3f8d8323fa728ce4bae8d2660a7a6ca3) Importer(815301076,1909f56bfc062723c751e8b465ee728b)  -> (artifact id: '814d33f0d90f630814ff222b93cc9082') in 0.011428 seconds
  Import took 0.013655 seconds .

========================================================================
Received Prepare
Registering precompiled user dll's ...
Registered in 0.000675 seconds.
Begin MonoManager ReloadAssembly
Native extension for WindowsStandalone target not found
Refreshing native plugins compatible for Editor in 0.22 ms, found 0 plugins.
Preloading 0 native plugins for Editor in 0.00 ms.
Invoked RoslynAnalysisRunner static constructor.
RoslynAnalysisRunner will not be running.
RoslynAnalysisRunner has terminated.
Mono: successfully reloaded assembly
- Completed reload, in  1.014 seconds
Platform modules already initialized, skipping
Refreshing native plugins compatible for Editor in 0.37 ms, found 0 plugins.
Preloading 0 native plugins for Editor in 0.00 ms.
Unloading 1113 Unused Serialized files (Serialized files now loaded: 0)
System memory in use before: 80.1 MB.
System memory in use after: 80.1 MB.

Unloading 5 unused Assets to reduce memory usage. Loaded Objects now: 1653.
Total: 3.050400 ms (FindLiveObjects: 0.292300 ms CreateObjectMapping: 0.082000 ms MarkObjects: 2.406600 ms  DeleteObjects: 0.266000 ms)

========================================================================
Received Import Request.
  Time since last request: 8515.222114 seconds.
  path: Assets/Mountain Terrain
  artifactKey: Guid(5a54feaa06e0a1e4184c97387f07783b) Importer(815301076,1909f56bfc062723c751e8b465ee728b)
Start importing Assets/Mountain Terrain using Guid(5a54feaa06e0a1e4184c97387f07783b) Importer(815301076,1909f56bfc062723c751e8b465ee728b)  -> (artifact id: 'c927c218ebb1aae74f4ce418bf765cd6') in 0.009578 seconds
  Import took 0.012369 seconds .

========================================================================
Received Prepare
Registering precompiled user dll's ...
Registered in 0.000649 seconds.
Begin MonoManager ReloadAssembly
Native extension for WindowsStandalone target not found
Refreshing native plugins compatible for Editor in 0.23 ms, found 0 plugins.
Preloading 0 native plugins for Editor in 0.00 ms.
Invoked RoslynAnalysisRunner static constructor.
RoslynAnalysisRunner will not be running.
RoslynAnalysisRunner has terminated.
Mono: successfully reloaded assembly
- Completed reload, in  1.036 seconds
Platform modules already initialized, skipping
Refreshing native plugins compatible for Editor in 0.43 ms, found 0 plugins.
Preloading 0 native plugins for Editor in 0.00 ms.
Unloading 1113 Unused Serialized files (Serialized files now loaded: 0)
System memory in use before: 80.1 MB.
System memory in use after: 80.1 MB.

Unloading 5 unused Assets to reduce memory usage. Loaded Objects now: 1656.
Total: 2.299700 ms (FindLiveObjects: 0.223300 ms CreateObjectMapping: 0.053500 ms MarkObjects: 1.940600 ms  DeleteObjects: 0.079700 ms)

========================================================================
Received Import Request.
  Time since last request: 50.799872 seconds.
  path: Assets/Imported Packs/Mountain Terrain/Sample scene.unity
  artifactKey: Guid(3a500c36c9c09294f880ade735d8adbf) Importer(815301076,1909f56bfc062723c751e8b465ee728b)
Start importing Assets/Imported Packs/Mountain Terrain/Sample scene.unity using Guid(3a500c36c9c09294f880ade735d8adbf) Importer(815301076,1909f56bfc062723c751e8b465ee728b)  -> (artifact id: 'b82739ea60393affc337165bfd1ec83f') in 0.009344 seconds
  Import took 0.011643 seconds .

========================================================================
Received Import Request.
  Time since last request: 16.005824 seconds.
  path: Assets/Imported Packs/Mountain Terrain/Documentation.pdf
  artifactKey: Guid(7610f0d25aff7494cb6a5d770b0e6dd8) Importer(815301076,1909f56bfc062723c751e8b465ee728b)
Start importing Assets/Imported Packs/Mountain Terrain/Documentation.pdf using Guid(7610f0d25aff7494cb6a5d770b0e6dd8) Importer(815301076,1909f56bfc062723c751e8b465ee728b)  -> (artifact id: '472f6bf35307ac70995799ea4a0cbd7d') in 0.442599 seconds
  Import took 0.446771 seconds .

========================================================================
Received Import Request.
  Time since last request: 57.323901 seconds.
  path: Assets/Prefabs/Stone_03_low (1).prefab
  artifactKey: Guid(b269916916b22f34b91dc7e67b5c3c66) Importer(815301076,1909f56bfc062723c751e8b465ee728b)
Start importing Assets/Prefabs/Stone_03_low (1).prefab using Guid(b269916916b22f34b91dc7e67b5c3c66) Importer(815301076,1909f56bfc062723c751e8b465ee728b)  -> (artifact id: '130767be6c9986814ef8779982f2bbb5') in 1.136904 seconds
  Import took 1.139200 seconds .

========================================================================
Received Import Request.
  Time since last request: 10.821021 seconds.
  path: Assets/Prefabs/Stone_03_low (24).prefab
  artifactKey: Guid(64687da8b3b91ac47bd9ccbcbbec946d) Importer(815301076,1909f56bfc062723c751e8b465ee728b)
Start importing Assets/Prefabs/Stone_03_low (24).prefab using Guid(64687da8b3b91ac47bd9ccbcbbec946d) Importer(815301076,1909f56bfc062723c751e8b465ee728b)  -> (artifact id: '3be2e8dfeceda72070b17dfb116be51d') in 0.123581 seconds
  Import took 0.127716 seconds .

========================================================================
Received Import Request.
  Time since last request: 21.230094 seconds.
  path: Assets/Imported Packs/Hand Painted Grass  Texture/Scene/Hand Painted Grass Texture.unity
  artifactKey: Guid(53239f9da96bf714cadbf60c4be4519e) Importer(815301076,1909f56bfc062723c751e8b465ee728b)
Start importing Assets/Imported Packs/Hand Painted Grass  Texture/Scene/Hand Painted Grass Texture.unity using Guid(53239f9da96bf714cadbf60c4be4519e) Importer(815301076,1909f56bfc062723c751e8b465ee728b)  -> (artifact id: '49957ec371569c7904be65035cbf6c2d') in 0.003062 seconds
  Import took 0.007862 seconds .

========================================================================
Received Import Request.
  Time since last request: 0.001347 seconds.
  path: Assets/Imported Packs/Hand Painted Grass  Texture/Scene/Hand Painted Grass Texture.unity
  artifactKey: Guid(53239f9da96bf714cadbf60c4be4519e) Importer(815301076,1909f56bfc062723c751e8b465ee728b)
Start importing Assets/Imported Packs/Hand Painted Grass  Texture/Scene/Hand Painted Grass Texture.unity using Guid(53239f9da96bf714cadbf60c4be4519e) Importer(815301076,1909f56bfc062723c751e8b465ee728b)  -> (artifact id: '49957ec371569c7904be65035cbf6c2d') in 0.002967 seconds
  Import took 0.522903 seconds .

========================================================================
Received Import Request.
  Time since last request: 25.143206 seconds.
  path: Assets/Imported Packs/Mountain Terrain/Prefab
  artifactKey: Guid(c38eced019abd7d45bef0b4b228ce865) Importer(815301076,1909f56bfc062723c751e8b465ee728b)
Start importing Assets/Imported Packs/Mountain Terrain/Prefab using Guid(c38eced019abd7d45bef0b4b228ce865) Importer(815301076,1909f56bfc062723c751e8b465ee728b)  -> (artifact id: 'af08ea39037c4d88330e782a4c44eedf') in 0.003755 seconds
  Import took 0.006948 seconds .

========================================================================
Received Import Request.
  Time since last request: 0.000683 seconds.
  path: Assets/Imported Packs/Mountain Terrain/Prefab
  artifactKey: Guid(c38eced019abd7d45bef0b4b228ce865) Importer(815301076,1909f56bfc062723c751e8b465ee728b)
Start importing Assets/Imported Packs/Mountain Terrain/Prefab using Guid(c38eced019abd7d45bef0b4b228ce865) Importer(815301076,1909f56bfc062723c751e8b465ee728b)  -> (artifact id: 'af08ea39037c4d88330e782a4c44eedf') in 0.002725 seconds
  Import took 0.007308 seconds .

========================================================================
Received Import Request.
  Time since last request: 0.066746 seconds.
  path: Assets/Imported Packs/Mountain Terrain/Prefab/acacia1_2.prefab
  artifactKey: Guid(7f3ed28755306714c8c5308e9f757276) Importer(815301076,1909f56bfc062723c751e8b465ee728b)
Start importing Assets/Imported Packs/Mountain Terrain/Prefab/acacia1_2.prefab using Guid(7f3ed28755306714c8c5308e9f757276) Importer(815301076,1909f56bfc062723c751e8b465ee728b)  -> (artifact id: 'af6641d3450f44b4fc5e95ee3085ba44') in 1.420558 seconds
  Import took 1.423302 seconds .

========================================================================
Received Import Request.
  Time since last request: 0.000365 seconds.
  path: Assets/Imported Packs/Mountain Terrain/Prefab/Stone_03_low.prefab
  artifactKey: Guid(2faa4fc3b7b1fc84c8b1b2f1af42617e) Importer(815301076,1909f56bfc062723c751e8b465ee728b)
Start importing Assets/Imported Packs/Mountain Terrain/Prefab/Stone_03_low.prefab using Guid(2faa4fc3b7b1fc84c8b1b2f1af42617e) Importer(815301076,1909f56bfc062723c751e8b465ee728b)  -> (artifact id: '4185493b2cf7ede98bfc4d2f596674aa') in 0.040277 seconds
  Import took 0.042636 seconds .

========================================================================
Received Import Request.
  Time since last request: 0.000336 seconds.
  path: Assets/Imported Packs/Mountain Terrain/Prefab/Terrain_01_low2.prefab
  artifactKey: Guid(c13335fbad29c4c459e2c93137e42312) Importer(815301076,1909f56bfc062723c751e8b465ee728b)
Start importing Assets/Imported Packs/Mountain Terrain/Prefab/Terrain_01_low2.prefab using Guid(c13335fbad29c4c459e2c93137e42312) Importer(815301076,1909f56bfc062723c751e8b465ee728b)  -> (artifact id: '6d39436d8412e343fb0ed71478751ffb') in 0.081506 seconds
  Import took 0.083921 seconds .

========================================================================
Received Import Request.
  Time since last request: 0.000338 seconds.
  path: Assets/Imported Packs/Mountain Terrain/Prefab/Stone_03_low.prefab
  artifactKey: Guid(2faa4fc3b7b1fc84c8b1b2f1af42617e) Importer(815301076,1909f56bfc062723c751e8b465ee728b)
Start importing Assets/Imported Packs/Mountain Terrain/Prefab/Stone_03_low.prefab using Guid(2faa4fc3b7b1fc84c8b1b2f1af42617e) Importer(815301076,1909f56bfc062723c751e8b465ee728b)  -> (artifact id: '4185493b2cf7ede98bfc4d2f596674aa') in 0.046368 seconds
  Import took 0.048449 seconds .

========================================================================
Received Import Request.
  Time since last request: 14.273009 seconds.
  path: Assets/Imported Packs/Mountain Terrain/Sample scene.unity
  artifactKey: Guid(3a500c36c9c09294f880ade735d8adbf) Importer(815301076,1909f56bfc062723c751e8b465ee728b)
Start importing Assets/Imported Packs/Mountain Terrain/Sample scene.unity using Guid(3a500c36c9c09294f880ade735d8adbf) Importer(815301076,1909f56bfc062723c751e8b465ee728b)  -> (artifact id: '08b22fd2887bdaaa4c2c094b9e18d8be') in 0.003110 seconds
  Import took 0.007647 seconds .

========================================================================
Received Import Request.
  Time since last request: 0.000599 seconds.
  path: Assets/Imported Packs/Mountain Terrain/Sample scene.unity
  artifactKey: Guid(3a500c36c9c09294f880ade735d8adbf) Importer(815301076,1909f56bfc062723c751e8b465ee728b)
Start importing Assets/Imported Packs/Mountain Terrain/Sample scene.unity using Guid(3a500c36c9c09294f880ade735d8adbf) Importer(815301076,1909f56bfc062723c751e8b465ee728b)  -> (artifact id: '08b22fd2887bdaaa4c2c094b9e18d8be') in 0.003049 seconds
  Import took 0.005759 seconds .

========================================================================
Received Import Request.
  Time since last request: 32.335748 seconds.
  path: Assets/Scenes/Level 3.unity
  artifactKey: Guid(3f8d8323fa728ce4bae8d2660a7a6ca3) Importer(815301076,1909f56bfc062723c751e8b465ee728b)
Start importing Assets/Scenes/Level 3.unity using Guid(3f8d8323fa728ce4bae8d2660a7a6ca3) Importer(815301076,1909f56bfc062723c751e8b465ee728b)  -> (artifact id: 'f7bfd2a82988179204c3dd2132684c78') in 0.002540 seconds
  Import took 0.005131 seconds .

========================================================================
Received Import Request.
  Time since last request: 0.001288 seconds.
  path: Assets/Scenes/Level 3.unity
  artifactKey: Guid(3f8d8323fa728ce4bae8d2660a7a6ca3) Importer(815301076,1909f56bfc062723c751e8b465ee728b)
Start importing Assets/Scenes/Level 3.unity using Guid(3f8d8323fa728ce4bae8d2660a7a6ca3) Importer(815301076,1909f56bfc062723c751e8b465ee728b)  -> (artifact id: 'f7bfd2a82988179204c3dd2132684c78') in 0.005650 seconds
  Import took 0.010441 seconds .

========================================================================
Received Import Request.
  Time since last request: 24.551046 seconds.
  path: Assets/Scenes/Level 5.unity
  artifactKey: Guid(3f8d8323fa728ce4bae8d2660a7a6ca3) Importer(815301076,1909f56bfc062723c751e8b465ee728b)
Start importing Assets/Scenes/Level 5.unity using Guid(3f8d8323fa728ce4bae8d2660a7a6ca3) Importer(815301076,1909f56bfc062723c751e8b465ee728b)  -> (artifact id: 'a74fabe8a8d63d19c90ecb92f0b9ca78') in 0.005298 seconds
  Import took 0.008032 seconds .

========================================================================
Received Import Request.
  Time since last request: 9.713584 seconds.
  path: Assets/Scenes/Level 4.unity
  artifactKey: Guid(3a500c36c9c09294f880ade735d8adbf) Importer(815301076,1909f56bfc062723c751e8b465ee728b)
Start importing Assets/Scenes/Level 4.unity using Guid(3a500c36c9c09294f880ade735d8adbf) Importer(815301076,1909f56bfc062723c751e8b465ee728b)  -> (artifact id: 'b25a2dac0caa3af77d1df6057b394334') in 0.002338 seconds
  Import took 0.005604 seconds .

========================================================================
Received Import Request.
  Time since last request: 3.234188 seconds.
  path: Assets/Scenes/Level 2/LightingData.asset
  artifactKey: Guid(3a839fc4df1266c4c8ac9df409126e8a) Importer(815301076,1909f56bfc062723c751e8b465ee728b)
Start importing Assets/Scenes/Level 2/LightingData.asset using Guid(3a839fc4df1266c4c8ac9df409126e8a) Importer(815301076,1909f56bfc062723c751e8b465ee728b)  -> (artifact id: 'f734fc1f23be25a2b7380daf678f0451') in 0.041808 seconds
  Import took 0.043895 seconds .

========================================================================
Received Import Request.
  Time since last request: 0.015433 seconds.
  path: Assets/Scenes/Level 2/ReflectionProbe-0.exr
  artifactKey: Guid(099836a9df5286f429711f57c5c3f928) Importer(815301076,1909f56bfc062723c751e8b465ee728b)
Start importing Assets/Scenes/Level 2/ReflectionProbe-0.exr using Guid(099836a9df5286f429711f57c5c3f928) Importer(815301076,1909f56bfc062723c751e8b465ee728b)  -> (artifact id: 'e52e586942a1aacc0e83c5ca9e3ede36') in 0.472470 seconds
  Import took 0.474709 seconds .

========================================================================
Received Import Request.
  Time since last request: 12.115928 seconds.
  path: Assets/Scenes/Level 3.unity
  artifactKey: Guid(3a500c36c9c09294f880ade735d8adbf) Importer(815301076,1909f56bfc062723c751e8b465ee728b)
Start importing Assets/Scenes/Level 3.unity using Guid(3a500c36c9c09294f880ade735d8adbf) Importer(815301076,1909f56bfc062723c751e8b465ee728b)  -> (artifact id: 'd19fb396c69cbb2d55c745d685e3c711') in 0.004986 seconds
  Import took 0.008088 seconds .

========================================================================
Received Import Request.
  Time since last request: 4.650183 seconds.
  path: Assets/Scenes/Level 4.unity
  artifactKey: Guid(3f8d8323fa728ce4bae8d2660a7a6ca3) Importer(815301076,1909f56bfc062723c751e8b465ee728b)
Start importing Assets/Scenes/Level 4.unity using Guid(3f8d8323fa728ce4bae8d2660a7a6ca3) Importer(815301076,1909f56bfc062723c751e8b465ee728b)  -> (artifact id: 'a2bb9abccbb7904b4f8a923da1518721') in 0.002998 seconds
  Import took 0.006655 seconds .

========================================================================
Received Prepare
Registering precompiled user dll's ...
Registered in 0.000887 seconds.
Begin MonoManager ReloadAssembly
Native extension for WindowsStandalone target not found
Refreshing native plugins compatible for Editor in 0.22 ms, found 0 plugins.
Preloading 0 native plugins for Editor in 0.00 ms.
Invoked RoslynAnalysisRunner static constructor.
RoslynAnalysisRunner will not be running.
RoslynAnalysisRunner has terminated.
Mono: successfully reloaded assembly
- Completed reload, in  0.896 seconds
Platform modules already initialized, skipping
Refreshing native plugins compatible for Editor in 0.62 ms, found 0 plugins.
Preloading 0 native plugins for Editor in 0.00 ms.
Unloading 1113 Unused Serialized files (Serialized files now loaded: 0)
System memory in use before: 80.4 MB.
System memory in use after: 80.5 MB.

Unloading 5 unused Assets to reduce memory usage. Loaded Objects now: 1685.
Total: 2.216100 ms (FindLiveObjects: 0.275000 ms CreateObjectMapping: 0.064400 ms MarkObjects: 1.800200 ms  DeleteObjects: 0.075400 ms)

========================================================================
Received Prepare
Registering precompiled user dll's ...
Registered in 0.000746 seconds.
Begin MonoManager ReloadAssembly
Native extension for WindowsStandalone target not found
Refreshing native plugins compatible for Editor in 0.35 ms, found 0 plugins.
Preloading 0 native plugins for Editor in 0.00 ms.
Invoked RoslynAnalysisRunner static constructor.
RoslynAnalysisRunner will not be running.
RoslynAnalysisRunner has terminated.
Mono: successfully reloaded assembly
- Completed reload, in  0.891 seconds
Platform modules already initialized, skipping
Refreshing native plugins compatible for Editor in 0.22 ms, found 0 plugins.
Preloading 0 native plugins for Editor in 0.00 ms.
Unloading 1113 Unused Serialized files (Serialized files now loaded: 0)
System memory in use before: 80.4 MB.
System memory in use after: 80.5 MB.

Unloading 5 unused Assets to reduce memory usage. Loaded Objects now: 1688.
Total: 2.726500 ms (FindLiveObjects: 0.238300 ms CreateObjectMapping: 0.068900 ms MarkObjects: 2.325600 ms  DeleteObjects: 0.092100 ms)

========================================================================
Received Prepare
Registering precompiled user dll's ...
Registered in 0.000665 seconds.
Begin MonoManager ReloadAssembly
Native extension for WindowsStandalone target not found
Refreshing native plugins compatible for Editor in 0.21 ms, found 0 plugins.
Preloading 0 native plugins for Editor in 0.00 ms.
Invoked RoslynAnalysisRunner static constructor.
RoslynAnalysisRunner will not be running.
RoslynAnalysisRunner has terminated.
Mono: successfully reloaded assembly
- Completed reload, in  0.884 seconds
Platform modules already initialized, skipping
Refreshing native plugins compatible for Editor in 0.29 ms, found 0 plugins.
Preloading 0 native plugins for Editor in 0.00 ms.
Unloading 1113 Unused Serialized files (Serialized files now loaded: 0)
System memory in use before: 80.4 MB.
System memory in use after: 80.5 MB.

Unloading 5 unused Assets to reduce memory usage. Loaded Objects now: 1691.
Total: 1.837700 ms (FindLiveObjects: 0.196400 ms CreateObjectMapping: 0.046800 ms MarkObjects: 1.511900 ms  DeleteObjects: 0.081400 ms)

========================================================================
Received Prepare
Registering precompiled user dll's ...
Registered in 0.001037 seconds.
Begin MonoManager ReloadAssembly
Native extension for WindowsStandalone target not found
Refreshing native plugins compatible for Editor in 0.22 ms, found 0 plugins.
Preloading 0 native plugins for Editor in 0.00 ms.
Invoked RoslynAnalysisRunner static constructor.
RoslynAnalysisRunner will not be running.
RoslynAnalysisRunner has terminated.
Mono: successfully reloaded assembly
- Completed reload, in  0.935 seconds
Platform modules already initialized, skipping
Refreshing native plugins compatible for Editor in 0.24 ms, found 0 plugins.
Preloading 0 native plugins for Editor in 0.00 ms.
Unloading 1113 Unused Serialized files (Serialized files now loaded: 0)
System memory in use before: 80.4 MB.
System memory in use after: 80.5 MB.

Unloading 5 unused Assets to reduce memory usage. Loaded Objects now: 1694.
Total: 3.757600 ms (FindLiveObjects: 0.509900 ms CreateObjectMapping: 0.149600 ms MarkObjects: 3.012300 ms  DeleteObjects: 0.083300 ms)

========================================================================
Received Prepare
Registering precompiled user dll's ...
Registered in 0.006667 seconds.
Begin MonoManager ReloadAssembly
Native extension for WindowsStandalone target not found
Refreshing native plugins compatible for Editor in 0.22 ms, found 0 plugins.
Preloading 0 native plugins for Editor in 0.00 ms.
Invoked RoslynAnalysisRunner static constructor.
RoslynAnalysisRunner will not be running.
RoslynAnalysisRunner has terminated.
Mono: successfully reloaded assembly
- Completed reload, in  0.949 seconds
Platform modules already initialized, skipping
Refreshing native plugins compatible for Editor in 0.26 ms, found 0 plugins.
Preloading 0 native plugins for Editor in 0.00 ms.
Unloading 1113 Unused Serialized files (Serialized files now loaded: 0)
System memory in use before: 80.4 MB.
System memory in use after: 80.5 MB.

Unloading 5 unused Assets to reduce memory usage. Loaded Objects now: 1697.
Total: 3.064000 ms (FindLiveObjects: 0.264900 ms CreateObjectMapping: 0.090900 ms MarkObjects: 2.605800 ms  DeleteObjects: 0.101000 ms)

========================================================================
Received Prepare
Registering precompiled user dll's ...
Registered in 0.000681 seconds.
Begin MonoManager ReloadAssembly
Native extension for WindowsStandalone target not found
Refreshing native plugins compatible for Editor in 0.22 ms, found 0 plugins.
Preloading 0 native plugins for Editor in 0.00 ms.
Invoked RoslynAnalysisRunner static constructor.
RoslynAnalysisRunner will not be running.
RoslynAnalysisRunner has terminated.
Mono: successfully reloaded assembly
- Completed reload, in  0.859 seconds
Platform modules already initialized, skipping
Refreshing native plugins compatible for Editor in 0.26 ms, found 0 plugins.
Preloading 0 native plugins for Editor in 0.00 ms.
Unloading 1113 Unused Serialized files (Serialized files now loaded: 0)
System memory in use before: 80.5 MB.
System memory in use after: 80.5 MB.

Unloading 5 unused Assets to reduce memory usage. Loaded Objects now: 1700.
Total: 3.011200 ms (FindLiveObjects: 0.276900 ms CreateObjectMapping: 0.056100 ms MarkObjects: 2.542800 ms  DeleteObjects: 0.133500 ms)

